[debug] [2023-01-02T06:13:16.819Z] ----------------------------------------------------------------------
[debug] [2023-01-02T06:13:16.821Z] Command:       C:\Program Files\nodejs\node.exe C:\Users\Kitanga Nday\AppData\Roaming\npm\node_modules\firebase-tools\lib\bin\firebase.js init
[debug] [2023-01-02T06:13:16.822Z] CLI Version:   11.19.0
[debug] [2023-01-02T06:13:16.822Z] Platform:      win32
[debug] [2023-01-02T06:13:16.822Z] Node Version:  v19.1.0
[debug] [2023-01-02T06:13:16.822Z] Time:          Mon Jan 02 2023 08:13:16 GMT+0200 (Eastern European Standard Time)
[debug] [2023-01-02T06:13:16.823Z] ----------------------------------------------------------------------
[debug] 
[debug] [2023-01-02T06:13:16.829Z] > command requires scopes: ["email","openid","https://www.googleapis.com/auth/cloudplatformprojects.readonly","https://www.googleapis.com/auth/firebase","https://www.googleapis.com/auth/cloud-platform"]
[debug] [2023-01-02T06:13:16.829Z] > authorizing via signed-in user (kitanganday@gmail.com)
[info] 
     ######## #### ########  ######## ########     ###     ######  ########
     ##        ##  ##     ## ##       ##     ##  ##   ##  ##       ##
     ######    ##  ########  ######   ########  #########  ######  ######
     ##        ##  ##    ##  ##       ##     ## ##     ##       ## ##
     ##       #### ##     ## ######## ########  ##     ##  ######  ########

You're about to initialize a Firebase project in this directory:

  D:\__practical\kitanga.dev

[info] 
=== Project Setup
[info] 
[info] First, let's associate this project directory with a Firebase project.
[info] You can create multiple project aliases by running firebase use --add, 
[info] but for now we'll just set up a default project.
[info] 
[debug] [2023-01-02T06:13:29.796Z] >>> [apiv2][query] GET https://firebase.googleapis.com/v1beta1/projects pageSize=100
[debug] [2023-01-02T06:13:31.032Z] <<< [apiv2][status] GET https://firebase.googleapis.com/v1beta1/projects 200
[debug] [2023-01-02T06:13:31.032Z] <<< [apiv2][body] GET https://firebase.googleapis.com/v1beta1/projects [omitted]
[info] i  Don't want to scroll through all your projects? If you know your project ID, you can initialize it directly using firebase init --project <project_id>.
 
[info] i  Using project seven-squares-studios (Seven-Squares-Studios) 
[info] 
=== Hosting Setup
[info] 
[info] Your public directory is the folder (relative to your project directory) that
[info] will contain Hosting assets to be uploaded with firebase deploy. If you
[info] have a build process for your assets, use your build's output directory.
[info] 
[debug] [2023-01-02T06:14:14.782Z] >>> [apiv2][query] GET https://www.gstatic.com/firebasejs/releases.json [none]
[debug] [2023-01-02T06:14:15.573Z] <<< [apiv2][status] GET https://www.gstatic.com/firebasejs/releases.json 200
[debug] [2023-01-02T06:14:15.573Z] <<< [apiv2][body] GET https://www.gstatic.com/firebasejs/releases.json {"current":{"version":"9.15.0","browserURL":"https://www.gstatic.com/firebasejs/9.15.0/firebase.js","packageURL":"https://www.gstatic.com/firebasejs/9.15.0/firebase.tgz"},"live":{"version":"9.15","browserURL":"https://www.gstatic.com/firebasejs/live/9.15/firebase.js","packageURL":"https://www.gstatic.com/firebasejs/live/9.15/firebase.tgz"},"components":{"analytics":"https://www.gstatic.com/firebasejs/9.15.0/firebase-analytics.js","app":"https://www.gstatic.com/firebasejs/9.15.0/firebase-app.js","app-check":"https://www.gstatic.com/firebasejs/9.15.0/firebase-app-check.js","auth":"https://www.gstatic.com/firebasejs/9.15.0/firebase-auth.js","auth/cordova":"https://www.gstatic.com/firebasejs/9.15.0/firebase-auth/cordova.js","auth/react-native":"https://www.gstatic.com/firebasejs/9.15.0/firebase-auth/react-native.js","functions":"https://www.gstatic.com/firebasejs/9.15.0/firebase-functions.js","firestore":"https://www.gstatic.com/firebasejs/9.15.0/firebase-firestore.js","firestore/lite":"https://www.gstatic.com/firebasejs/9.15.0/firebase-firestore/lite.js","installations":"https://www.gstatic.com/firebasejs/9.15.0/firebase-installations.js","storage":"https://www.gstatic.com/firebasejs/9.15.0/firebase-storage.js","performance":"https://www.gstatic.com/firebasejs/9.15.0/firebase-performance.js","remote-config":"https://www.gstatic.com/firebasejs/9.15.0/firebase-remote-config.js","messaging":"https://www.gstatic.com/firebasejs/9.15.0/firebase-messaging.js","messaging/sw":"https://www.gstatic.com/firebasejs/9.15.0/firebase-messaging/sw.js","database":"https://www.gstatic.com/firebasejs/9.15.0/firebase-database.js","firestore.memory":"https://www.gstatic.com/firebasejs/9.15.0/firebase-firestore.memory.js"}}
[info] i  Skipping write of dist/index.html 
[info] 
[info] i  Didn't detect a .git folder. Assuming D:\__practical\kitanga.dev is the project root. 
[info] i  Authorizing with GitHub to upload your service account to a GitHub repository's secrets store. 
[info] 
[info] Visit this URL on this device to log in:
[info] https://github.com/login/oauth/authorize?client_id=89cf50f02ac6aaed3484&state=343326615&redirect_uri=http%3A%2F%2Flocalhost%3A9005&scope=read%3Auser%20repo%20public_repo
[info] 
[info] Waiting for authentication...
[debug] [2023-01-02T06:14:46.233Z] >>> [apiv2][query] POST https://github.com/login/oauth/access_token [none]
[debug] [2023-01-02T06:14:46.233Z] >>> [apiv2][body] POST https://github.com/login/oauth/access_token [stream]
[debug] [2023-01-02T06:14:47.293Z] <<< [apiv2][status] POST https://github.com/login/oauth/access_token 200
[debug] [2023-01-02T06:14:47.293Z] <<< [apiv2][body] POST https://github.com/login/oauth/access_token {"access_token":"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","token_type":"bearer","scope":"read:user,repo"}
[debug] [2023-01-02T06:14:47.296Z] >>> [apiv2][query] GET https://api.github.com/user [none]
[debug] [2023-01-02T06:14:48.514Z] <<< [apiv2][status] GET https://api.github.com/user 200
[debug] [2023-01-02T06:14:48.515Z] <<< [apiv2][body] GET https://api.github.com/user {"login":"Kitanga","id":14119482,"node_id":"MDQ6VXNlcjE0MTE5NDgy","avatar_url":"https://avatars.githubusercontent.com/u/14119482?v=4","gravatar_id":"","url":"https://api.github.com/users/Kitanga","html_url":"https://github.com/Kitanga","followers_url":"https://api.github.com/users/Kitanga/followers","following_url":"https://api.github.com/users/Kitanga/following{/other_user}","gists_url":"https://api.github.com/users/Kitanga/gists{/gist_id}","starred_url":"https://api.github.com/users/Kitanga/starred{/owner}{/repo}","subscriptions_url":"https://api.github.com/users/Kitanga/subscriptions","organizations_url":"https://api.github.com/users/Kitanga/orgs","repos_url":"https://api.github.com/users/Kitanga/repos","events_url":"https://api.github.com/users/Kitanga/events{/privacy}","received_events_url":"https://api.github.com/users/Kitanga/received_events","type":"User","site_admin":false,"name":"Kitanga Nday","company":null,"blog":"https://kitanga.dev","location":"Lusaka, Zambia","email":"kitanganday@gmail.com","hireable":true,"bio":"Fullstack web developer.","twitter_username":"kitanga_nday","public_repos":53,"public_gists":3,"followers":32,"following":21,"created_at":"2015-09-04T02:15:20Z","updated_at":"2023-01-02T01:25:00Z","private_gists":1,"total_private_repos":13,"owned_private_repos":13,"disk_usage":429477,"collaborators":4,"two_factor_authentication":true,"plan":{"name":"free","space":976562499,"collaborators":0,"private_repos":10000}}
[info] 
[info] +  Success! Logged into GitHub as Kitanga 
[info] 
